<?xml version="1.0" encoding="UTF-8"?>
<testsuite xmlns:xsi="http://www.w3.org/2001/XMLSchema-instance" xsi:noNamespaceSchemaLocation="https://maven.apache.org/surefire/maven-surefire-plugin/xsd/surefire-test-report-3.0.xsd" version="3.0" name="com.payments.core.controller.PaymentControllerTest" time="0.715" tests="1" errors="0" skipped="0" failures="0">
  <properties>
[...]
</properties>
  <testcase name="testCreatePayment" classname="com.payments.core.controller.PaymentControllerTest" time="0.08">
    <system-out><![CDATA[01:18:44.299 [main] INFO org.springframework.test.context.support.AnnotationConfigContextLoaderUtils -- Could not detect default configuration classes for test class [com.payments.core.controller.PaymentControllerTest]: PaymentControllerTest does not declare any static, non-private, non-final, nested classes annotated with @Configuration.
01:18:44.351 [main] INFO org.springframework.boot.test.context.SpringBootTestContextBootstrapper -- Found @SpringBootConfiguration com.payments.PaymentApplication for test class com.payments.core.controller.PaymentControllerTest

  .   ____          _            __ _ _
 /\\ / ___'_ __ _ _(_)_ __  __ _ \ \ \ \
( ( )\___ | '_ | '_| | '_ \/ _` | \ \ \ \
 \\/  ___)| |_)| | | | | || (_| |  ) ) ) )
  '  |____| .__|_| |_|_| |_\__, | / / / /
 =========|_|==============|___/=/_/_/_/
 :: Spring Boot ::                (v3.2.3)

2026-03-24T01:18:44.497+05:30  INFO 90123 --- [payment-orchestration-system] [           main] c.p.c.controller.PaymentControllerTest   : Starting PaymentControllerTest using Java 21.0.10 with PID 90123 (started by utkarsh in /Users/utkarsh/Documents/payment-orchestration-system)
2026-03-24T01:18:44.498+05:30  INFO 90123 --- [payment-orchestration-system] [           main] c.p.c.controller.PaymentControllerTest   : No active profile set, falling back to 1 default profile: "default"
2026-03-24T01:18:44.884+05:30  INFO 90123 --- [payment-orchestration-system] [           main] o.s.b.t.m.w.SpringBootMockServletContext : Initializing Spring TestDispatcherServlet ''
2026-03-24T01:18:44.884+05:30  INFO 90123 --- [payment-orchestration-system] [           main] o.s.t.web.servlet.TestDispatcherServlet  : Initializing Servlet ''
2026-03-24T01:18:44.885+05:30  INFO 90123 --- [payment-orchestration-system] [           main] o.s.t.web.servlet.TestDispatcherServlet  : Completed initialization in 1 ms
2026-03-24T01:18:44.893+05:30  INFO 90123 --- [payment-orchestration-system] [           main] c.p.c.controller.PaymentControllerTest   : Started PaymentControllerTest in 0.519 seconds (process running for 1.399)
]]></system-out>
  </testcase>
</testsuite>